Lancement du générateur DLT structuré pour Romain-Data/Hackathon-Ynov-Takata (Profondeur fixée: 2)...
[1/2] Extraction DLT : Romain-Data/Hackathon-Ynov-Takata...
   -> 148 dépendances. Injection format relationnel aux tables.
[2/2] Extraction DLT : pandas-dev/pandas...
   -> 118 dépendances. Injection format relationnel aux tables.
[2/2] Extraction DLT : PyMySQL/PyMySQL...
   -> 13 dépendances. Injection format relationnel aux tables.
[2/2] Extraction DLT : theskumar/python-dotenv...
   -> 21 dépendances. Injection format relationnel aux tables.
[2/2] Extraction DLT : sqlalchemy/sqlalchemy...
   -> 10 dépendances. Injection format relationnel aux tables.
[2/2] Extraction DLT : actions/checkout...
      [GraphQL Timeout Interne] Nouvel essai (1/3)...
   -> 136 dépendances. Injection format relationnel aux tables.
[2/2] Extraction DLT : actions/setup-java...
   -> 137 dépendances. Injection format relationnel aux tables.
[2/2] Extraction DLT : actions/setup-node...
   -> Ignoré, erreur API : HTTPSConnectionPool(host='api.github.com', port=443): Max retries exceeded with url: /graphql (Caused by ResponseError('too many 502 error responses'))
[2/2] Extraction DLT : actions/upload-artifact...
      [GraphQL Timeout Interne] Nouvel essai (1/3)...
   -> 137 dépendances. Injection format relationnel aux tables.
[2/2] Extraction DLT : docker/build-push-action...
   -> 144 dépendances. Injection format relationnel aux tables.
[2/2] Extraction DLT : docker/login-action...
   -> 141 dépendances. Injection format relationnel aux tables.
[2/2] Extraction DLT : docker/metadata-action...
   -> 148 dépendances. Injection format relationnel aux tables.
[2/2] Extraction DLT : docker/setup-buildx-action...
   -> 140 dépendances. Injection format relationnel aux tables.
[2/2] Extraction DLT : docker/setup-qemu-action...
   -> 134 dépendances. Injection format relationnel aux tables.
[2/2] Extraction DLT : apache/maven-compiler-plugin...
   -> Ignoré, erreur API : HTTPSConnectionPool(host='api.github.com', port=443): Max retries exceeded with url: /graphql (Caused by ResponseError('too many 502 error responses'))
[2/2] Extraction DLT : mariadb-corporation/mariadb-connector-j...
   -> 34 dépendances. Injection format relationnel aux tables.
[2/2] Extraction DLT : projectlombok/lombok...
   -> 25 dépendances. Injection format relationnel aux tables.
[2/2] Extraction DLT : spring-projects/spring-boot...
   -> Ignoré, erreur API : HTTPSConnectionPool(host='api.github.com', port=443): Max retries exceeded with url: /graphql (Caused by ResponseError('too many 502 error responses'))
[2/2] Extraction DLT : angular/angular...
      [GraphQL Timeout Interne] Nouvel essai (1/3)...
      [GraphQL Timeout Interne] Nouvel essai (2/3)...
   -> Ignoré, erreur API : Erreur GraphQL: [{'path': ['repository', 'dependencyGraphManifests'], 'locations': [{'line': 4, 'column': 5}], 'message': 'timedout'}]
[2/2] Extraction DLT : WebReflection/flatted...
   -> 122 dépendances. Injection format relationnel aux tables.
[2/2] Extraction DLT : isaacs/node-glob...
   -> 121 dépendances. Injection format relationnel aux tables.
[2/2] Extraction DLT : immutable-js/immutable-js...
   -> 170 dépendances. Injection format relationnel aux tables.
[2/2] Extraction DLT : nodeca/js-yaml...
   -> 17 dépendances. Injection format relationnel aux tables.
[2/2] Extraction DLT : lodash/lodash...
   -> 147 dépendances. Injection format relationnel aux tables.
[2/2] Extraction DLT : isaacs/minimatch...
   -> 114 dépendances. Injection format relationnel aux tables.
[2/2] Extraction DLT : digitalbazaar/forge...
   -> 31 dépendances. Injection format relationnel aux tables.
[2/2] Extraction DLT : micromatch/picomatch...
   -> 13 dépendances. Injection format relationnel aux tables.
[2/2] Extraction DLT : ljharb/qs...
   -> 39 dépendances. Injection format relationnel aux tables.
[2/2] Extraction DLT : rollup/rollup...
      [GraphQL Timeout Interne] Nouvel essai (1/3)...
      [GraphQL Timeout Interne] Nouvel essai (2/3)...
   -> Ignoré, erreur API : Erreur GraphQL: [{'path': ['repository', 'dependencyGraphManifests'], 'locations': [{'line': 4, 'column': 5}], 'message': 'timedout'}]
[2/2] Extraction DLT : yahoo/serialize-javascript...
   -> 8 dépendances. Injection format relationnel aux tables.
[2/2] Extraction DLT : isaacs/node-tar...
   -> 126 dépendances. Injection format relationnel aux tables.
[2/2] Extraction DLT : vitejs/vite...
      [GraphQL Timeout Interne] Nouvel essai (1/3)...
      [GraphQL Timeout Interne] Nouvel essai (2/3)...
   -> Ignoré, erreur API : Erreur GraphQL: [{'path': ['repository', 'dependencyGraphManifests'], 'locations': [{'line': 4, 'column': 5}], 'message': 'timedout'}]
[2/2] Extraction DLT : webpack/webpack...
      [GraphQL Timeout Interne] Nouvel essai (1/3)...
      [GraphQL Timeout Interne] Nouvel essai (2/3)...
   -> Ignoré, erreur API : Erreur GraphQL: [{'path': ['repository', 'dependencyGraphManifests'], 'locations': [{'line': 4, 'column': 5}], 'message': 'timedout'}]
[2/2] Extraction DLT : ampproject/remapping...
   -> 116 dépendances. Injection format relationnel aux tables.
[2/2] Extraction DLT : angular/angular-cli...
      [GraphQL Timeout Interne] Nouvel essai (1/3)...
      [GraphQL Timeout Interne] Nouvel essai (2/3)...
   -> Ignoré, erreur API : Erreur GraphQL: [{'path': ['repository', 'dependencyGraphManifests'], 'locations': [{'line': 4, 'column': 5}], 'message': 'timedout'}]
[2/2] Extraction DLT : angular/components...
      [GraphQL Timeout Interne] Nouvel essai (1/3)...
      [GraphQL Timeout Interne] Nouvel essai (2/3)...
   -> Ignoré, erreur API : Erreur GraphQL: [{'path': ['repository', 'dependencyGraphManifests'], 'locations': [{'line': 4, 'column': 5}], 'message': 'timedout'}]
[2/2] Extraction DLT : babel/babel...
      [GraphQL Timeout Interne] Nouvel essai (1/3)...
      [GraphQL Timeout Interne] Nouvel essai (2/3)...
   -> Ignoré, erreur API : Erreur GraphQL: [{'path': ['repository', 'dependencyGraphManifests'], 'locations': [{'line': 4, 'column': 5}], 'message': 'timedout'}]
[2/2] Extraction DLT : babel/babel-polyfills...
      [GraphQL Timeout Interne] Nouvel essai (1/3)...
   -> Ignoré, erreur API : HTTPSConnectionPool(host='api.github.com', port=443): Max retries exceeded with url: /graphql (Caused by ResponseError('too many 502 error responses'))
[2/2] Extraction DLT : ngxs/store...
      [GraphQL Timeout Interne] Nouvel essai (1/3)...
      [GraphQL Timeout Interne] Nouvel essai (2/3)...
   -> Ignoré, erreur API : Erreur GraphQL: [{'path': ['repository', 'dependencyGraphManifests'], 'locations': [{'line': 4, 'column': 5}], 'message': 'timedout'}]
[2/2] Extraction DLT : primefaces/primeuix...
   -> Ignoré, erreur API : HTTPSConnectionPool(host='api.github.com', port=443): Max retries exceeded with url: /graphql (Caused by ResponseError('too many 502 error responses'))
[2/2] Extraction DLT : DefinitelyTyped/DefinitelyTyped...
      [GraphQL Timeout Interne] Nouvel essai (1/3)...
      [GraphQL Timeout Interne] Nouvel essai (2/3)...
   -> Ignoré, erreur API : Erreur GraphQL: [{'path': ['repository', 'dependencyGraphManifests'], 'locations': [{'line': 4, 'column': 5}], 'message': 'timedout'}]
[2/2] Extraction DLT : chartjs/Chart.js...
      [GraphQL Timeout Interne] Nouvel essai (1/3)...
   -> Ignoré, erreur API : HTTPSConnectionPool(host='api.github.com', port=443): Max retries exceeded with url: /graphql (Caused by ResponseError('too many 502 error responses'))
[2/2] Extraction DLT : jasmine/jasmine...
   -> 14 dépendances. Injection format relationnel aux tables.
[2/2] Extraction DLT : karma-runner/karma...
   -> 169 dépendances. Injection format relationnel aux tables.
[2/2] Extraction DLT : karma-runner/karma-chrome-launcher...
   -> 116 dépendances. Injection format relationnel aux tables.
[2/2] Extraction DLT : karma-runner/karma-coverage...
   -> 151 dépendances. Injection format relationnel aux tables.
[2/2] Extraction DLT : karma-runner/karma-jasmine...
   -> 127 dépendances. Injection format relationnel aux tables.
[2/2] Extraction DLT : dfederm/karma-jasmine-html-reporter...
   -> 100 dépendances. Injection format relationnel aux tables.
[2/2] Extraction DLT : primefaces/primeng...
   -> Ignoré, erreur API : HTTPSConnectionPool(host='api.github.com', port=443): Max retries exceeded with url: /graphql (Caused by ResponseError('too many 502 error responses'))
[2/2] Extraction DLT : ReactiveX/rxjs...
      [GraphQL Timeout Interne] Nouvel essai (1/3)...
      [GraphQL Timeout Interne] Nouvel essai (2/3)...
   -> Ignoré, erreur API : Erreur GraphQL: [{'path': ['repository', 'dependencyGraphManifests'], 'locations': [{'line': 4, 'column': 5}], 'message': 'timedout'}]
[2/2] Extraction DLT : microsoft/tslib...
   -> 13 dépendances. Injection format relationnel aux tables.
[2/2] Extraction DLT : microsoft/TypeScript...
   -> Ignoré, erreur API : HTTPSConnectionPool(host='api.github.com', port=443): Max retries exceeded with url: /graphql (Caused by ResponseError('too many 502 error responses'))
